<?xml version="1.0" encoding="utf-8"?><testsuites name="pytest tests"><testsuite name="pytest" errors="0" failures="0" skipped="0" tests="26" time="5.074" timestamp="2026-09-24T17:19:23.389321+00:00" hostname="agent-env-cd362e30-3641-4c80-99ba-a8812b43daf3"><testcase classname="tests.backend_test.TestProjects" name="test_create_and_list" time="1.654" /><testcase classname="tests.backend_test.TestProjects" name="test_get_project" time="0.069" /><testcase classname="tests.backend_test.TestProjects" name="test_patch_rename" time="0.211" /><testcase classname="tests.backend_test.TestProjects" name="test_patch_status" time="0.135" /><testcase classname="tests.backend_test.TestProjects" name="test_duplicate" time="0.094" /><testcase classname="tests.backend_test.TestProjects" name="test_archive_and_filter" time="0.241" /><testcase classname="tests.backend_test.TestAgents" name="test_get_agents_auto_seeds" time="2.395" /><testcase classname="tests.backend_test.TestAgents" name="test_get_agents_second_call_no_reseed" time="0.069" /><testcase classname="tests.backend_test.TestProjects" name="test_delete" time="0.230" /><testcase classname="tests.backend_test.TestAgents" name="test_create_agent_draft" time="0.147" /><testcase classname="tests.backend_test.TestAgents" name="test_get_agent_by_id" time="0.067" /><testcase classname="tests.backend_test.TestProjects" name="test_list_sorted_desc" time="0.271" /><testcase classname="tests.backend_test.TestAgents" name="test_agent_cross_user_404" time="0.129" /><testcase classname="tests.backend_test.TestSample" name="test_load_sample_creates_4" time="0.070" /><testcase classname="tests.backend_test.TestSample" name="test_load_sample_idempotent" time="0.201" /><testcase classname="tests.backend_test.TestAuth" name="test_me_unauth" time="0.152" /><testcase classname="tests.backend_test.TestAuth" name="test_me_bearer" time="0.063" /><testcase classname="tests.backend_test.TestUserPrefs" name="test_patch_prefs" time="0.185" /><testcase classname="tests.backend_test.TestAuth" name="test_me_cookie" time="0.119" /><testcase classname="tests.backend_test.TestAuth" name="test_invalid_token" time="0.173" /><testcase classname="tests.backend_test.TestUserPrefs" name="test_onboarding_persist" time="0.199" /><testcase classname="tests.backend_test.TestIsolation" name="test_user_2_cannot_see_user_1" time="0.400" /><testcase classname="tests.backend_test.TestMessages" name="test_create_project_and_post_messages" time="0.705" /><testcase classname="tests.backend_test.TestProjectPatchPhase2" name="test_patch_status_live_and_mode_pro" time="0.510" /><testcase classname="tests.backend_test.TestMessages" name="test_messages_cross_user_404" time="0.148" /><testcase classname="tests.backend_test.TestLogout" name="test_logout_invalidates_session" time="0.265" /></testsuite></testsuites>