<?xml version="1.0" encoding="utf-8"?><testsuites name="pytest tests"><testsuite name="pytest" errors="0" failures="0" skipped="0" tests="18" time="3.898" timestamp="2026-09-24T15:50:55.366366+00:00" hostname="agent-env-cd362e30-3641-4c80-99ba-a8812b43daf3"><testcase classname="tests.backend_test.TestAuth" name="test_me_unauth" time="0.933" /><testcase classname="tests.backend_test.TestProjects" name="test_create_and_list" time="1.158" /><testcase classname="tests.backend_test.TestAuth" name="test_me_bearer" time="0.201" /><testcase classname="tests.backend_test.TestAuth" name="test_me_cookie" time="0.132" /><testcase classname="tests.backend_test.TestProjects" name="test_get_project" time="0.081" /><testcase classname="tests.backend_test.TestProjects" name="test_patch_rename" time="0.194" /><testcase classname="tests.backend_test.TestAuth" name="test_invalid_token" time="0.148" /><testcase classname="tests.backend_test.TestSample" name="test_load_sample_creates_4" time="0.081" /><testcase classname="tests.backend_test.TestProjects" name="test_patch_status" time="0.144" /><testcase classname="tests.backend_test.TestSample" name="test_load_sample_idempotent" time="0.165" /><testcase classname="tests.backend_test.TestProjects" name="test_duplicate" time="1.076" /><testcase classname="tests.backend_test.TestUserPrefs" name="test_patch_prefs" time="0.150" /><testcase classname="tests.backend_test.TestUserPrefs" name="test_onboarding_persist" time="0.256" /><testcase classname="tests.backend_test.TestIsolation" name="test_user_2_cannot_see_user_1" time="0.508" /><testcase classname="tests.backend_test.TestLogout" name="test_logout_invalidates_session" time="0.323" /><testcase classname="tests.backend_test.TestProjects" name="test_archive_and_filter" time="0.256" /><testcase classname="tests.backend_test.TestProjects" name="test_delete" time="0.174" /><testcase classname="tests.backend_test.TestProjects" name="test_list_sorted_desc" time="0.256" /></testsuite></testsuites>